
=== Wed Apr  5 10:33:09 2023

Packages were changed.
Update Mode: updateDependencies

The following packages were updated:
  com.unity.ads from version 3.7.1 to 3.7.5
  com.unity.analytics from version 3.5.3 to 3.6.12
  com.unity.cinemachine from version 2.8.0 to 2.8.9
  com.unity.collab-proxy from version 1.7.1 to 2.0.0
  com.unity.ide.rider from version 3.0.7 to 3.0.18
  com.unity.ide.visualstudio from version 2.0.9 to 2.0.17
  com.unity.ide.vscode from version 1.2.3 to 1.2.5
  com.unity.postprocessing from version 3.1.1 to 3.2.2
  com.unity.test-framework from version 1.1.26 to 1.1.31
  com.unity.timeline from version 1.6.1 to 1.6.4

=== Wed May 10 10:23:25 2023

Packages were changed.
Update Mode: updateDependencies

The following packages were updated:
  com.unity.ads from version 3.7.5 to 4.4.1
  com.unity.collab-proxy from version 2.0.0 to 2.0.1
